<?xml version="1.0" encoding="UTF-8"?>
<!-- Generated by org.testng.reporters.JUnitXMLReporter -->
<testsuite ignored="0" hostname="LAPTOP-JNF6PB7H" failures="0" tests="5" name="Test" time="0.056" errors="0" timestamp="2022-01-13T22:01:31 IST">
  <testcase classname="testng.TestNG2" name="samp" time="0.007"/>
  <testcase classname="testng.TestNG2" name="samp2" time="0.001"/>
  <testcase classname="testng.TestNG2" name="samp3" time="0.001"/>
  <testcase classname="testng.TestNG1" name="samp1" time="0.002"/>
  <testcase classname="testng.TestNG1" name="samp2" time="0.001"/>
</testsuite> <!-- Test -->
