<?xml version="1.0" encoding="UTF-8"?>
<testng-results ignored="0" total="1" passed="1" failed="0" skipped="0">
  <reporter-output>
  </reporter-output>
  <suite started-at="2022-01-18T22:24:58 IST" name="Default suite" finished-at="2022-01-18T22:25:31 IST" duration-ms="32379">
    <groups>
    </groups>
    <test started-at="2022-01-18T22:24:58 IST" name="Default test" finished-at="2022-01-18T22:25:31 IST" duration-ms="32379">
      <class name="test.Testalertpopup">
        <test-method signature="test()[pri:0, instance:test.Testalertpopup@1534f01b]" started-at="2022-01-18T22:24:58 IST" name="test" finished-at="2022-01-18T22:25:31 IST" duration-ms="32353" status="PASS">
          <reporter-output>
          </reporter-output>
        </test-method> <!-- test -->
      </class> <!-- test.Testalertpopup -->
    </test> <!-- Default test -->
  </suite> <!-- Default suite -->
</testng-results>
